<?xml version="1.0" encoding="UTF-8"?>
<!-- Generated by org.testng.reporters.JUnitReportReporter -->
<testsuite skipped="0" hostname="DESKTOP-NI49QOF" name="Paralleltesting.NewTest" tests="2" failures="0" timestamp="13 Mar 2018 06:41:37 GMT" time="74.095" errors="0">
  <testcase name="f" time="20.375" classname="Paralleltesting.NewTest"/>
  <testcase name="f" time="53.720" classname="Paralleltesting.NewTest"/>
</testsuite> <!-- Paralleltesting.NewTest -->
