<?xml version="1.0" encoding="UTF-8"?>
<!-- Generated by org.testng.reporters.JUnitReportReporter -->
<testsuite skipped="0" hostname="DESKTOP-NI49QOF" name="com.testng.ex.NewTest" tests="10" failures="0" timestamp="22 Feb 2018 07:41:55 GMT" time="0.028" errors="0">
  <testcase name="test3" time="0.000" classname="com.testng.ex.NewTest"/>
  <testcase name="test2" time="0.000" classname="com.testng.ex.NewTest"/>
  <testcase name="test3" time="0.000" classname="com.testng.ex.NewTest"/>
  <testcase name="test2" time="0.000" classname="com.testng.ex.NewTest"/>
  <testcase name="test2" time="0.000" classname="com.testng.ex.NewTest"/>
  <testcase name="test1" time="0.000" classname="com.testng.ex.NewTest"/>
  <testcase name="test2" time="0.000" classname="com.testng.ex.NewTest"/>
  <testcase name="test1" time="0.028" classname="com.testng.ex.NewTest"/>
  <testcase name="test3" time="0.000" classname="com.testng.ex.NewTest"/>
  <testcase name="test2" time="0.000" classname="com.testng.ex.NewTest"/>
</testsuite> <!-- com.testng.ex.NewTest -->
