<?xml version="1.0" encoding="UTF-8"?>
<!-- Generated by org.testng.reporters.JUnitReportReporter -->
<testsuite skipped="1" hostname="DESKTOP-NI49QOF" name="com.testng.ex.NewTest" tests="3" failures="0" timestamp="22 Feb 2018 07:11:42 GMT" time="0.025" errors="0">
  <testcase name="test3" time="0.000" classname="com.testng.ex.NewTest"/>
  <testcase name="test1" time="0.025" classname="com.testng.ex.NewTest"/>
  <testcase name="test2" classname="com.testng.ex.NewTest">
    <skipped/>
  </testcase> <!-- test2 -->
</testsuite> <!-- com.testng.ex.NewTest -->
