<?xml version="1.0" encoding="UTF-8"?>
<!-- Generated by org.testng.reporters.JUnitReportReporter -->
<testsuite skipped="0" hostname="DESKTOP-NI49QOF" name="com.testng.ex.NewTest1" tests="1" failures="0" timestamp="26 Feb 2018 07:28:02 GMT" time="106.719" errors="0">
  <testcase name="test1" time="106.719" classname="com.testng.ex.NewTest1"/>
</testsuite> <!-- com.testng.ex.NewTest1 -->
